#
# There is insufficient memory for the Java Runtime Environment to continue.
# Native memory allocation (mmap) failed to map 249561088 bytes for G1 virtual space
# Possible reasons:
#   The system is out of physical RAM or swap space
#   The process is running with CompressedOops enabled, and the Java Heap may be blocking the growth of the native heap
# Possible solutions:
#   Reduce memory load on the system
#   Increase physical memory or swap space
#   Check if swap backing store is full
#   Decrease Java heap size (-Xmx/-Xms)
#   Decrease number of Java threads
#   Decrease Java thread stack sizes (-Xss)
#   Set larger code cache with -XX:ReservedCodeCacheSize=
#   JVM is running with Zero Based Compressed Oops mode in which the Java heap is
#     placed in the first 32GB address space. The Java Heap base address is the
#     maximum limit for the native heap growth. Please use -XX:HeapBaseMinAddress
#     to set the Java Heap base and to place the Java Heap above 32GB virtual address.
# This output file may be truncated or incomplete.
#
#  Out of Memory Error (os_windows.cpp:3600), pid=16328, tid=7476
#
# JRE version:  (21.0.2+13) (build )
# Java VM: Java HotSpot(TM) 64-Bit Server VM (21.0.2+13-LTS-58, mixed mode, sharing, tiered, compressed oops, compressed class ptrs, g1 gc, windows-amd64)
# No core dump will be written. Minidumps are not enabled by default on client versions of Windows
#

---------------  S U M M A R Y ------------

Command Line: -Dnet.bytebuddy.agent.attacher.dump= net.bytebuddy.agent.Attacher com.sun.tools.attach.VirtualMachine 17608 C:\Users\SERRAFA\.m2\repository\net\bytebuddy\byte-buddy-agent\1.14.19\byte-buddy-agent-1.14.19.jar false 

Host: AMD Ryzen 5 PRO 6650U with Radeon Graphics     , 12 cores, 14G,  Windows 10 , 64 bit Build 19041 (10.0.19041.5072)
Time: Fri Dec 20 11:49:48 2024 Paris, Madrid elapsed time: 0.020978 seconds (0d 0h 0m 0s)

---------------  T H R E A D  ---------------

Current thread (0x0000020f9be04840):  JavaThread "Unknown thread" [_thread_in_vm, id=7476, stack(0x0000001495200000,0x0000001495300000) (1024K)]

Stack: [0x0000001495200000,0x0000001495300000]
Native frames: (J=compiled Java code, j=interpreted, Vv=VM code, C=native code)
V  [jvm.dll+0x6cade9]
V  [jvm.dll+0x8569c1]
V  [jvm.dll+0x858d2e]
V  [jvm.dll+0x859413]
V  [jvm.dll+0x280e56]
V  [jvm.dll+0x6c74d5]
V  [jvm.dll+0x6bbeca]
V  [jvm.dll+0x355bca]
V  [jvm.dll+0x35d816]
V  [jvm.dll+0x3ae67e]
V  [jvm.dll+0x3ae928]
V  [jvm.dll+0x3295dc]
V  [jvm.dll+0x32a16b]
V  [jvm.dll+0x81efa9]
V  [jvm.dll+0x3bba01]
V  [jvm.dll+0x807928]
V  [jvm.dll+0x44f50e]
V  [jvm.dll+0x450e11]
C  [jli.dll+0x52a3]
C  [ucrtbase.dll+0x21bb2]
C  [KERNEL32.DLL+0x17374]
C  [ntdll.dll+0x4cc91]


---------------  P R O C E S S  ---------------

Threads class SMR info:
_java_thread_list=0x00007ffb9fcabb88, length=0, elements={
}

Java Threads: ( => current thread )
Total: 0

Other Threads:
  0x0000020f9c058470 WorkerThread "GC Thread#0"                     [id=1848, stack(0x0000001495300000,0x0000001495400000) (1024K)]
  0x0000020f9c0b57a0 ConcurrentGCThread "G1 Main Marker"            [id=17476, stack(0x0000001495400000,0x0000001495500000) (1024K)]
  0x0000020f9c0b6d20 WorkerThread "G1 Conc#0"                       [id=8280, stack(0x0000001495500000,0x0000001495600000) (1024K)]

[error occurred during error reporting (printing all threads), id 0xc0000005, EXCEPTION_ACCESS_VIOLATION (0xc0000005) at pc=0x00007ffb9f41c6a7]
VM state: not at safepoint (not fully initialized)

VM Mutex/Monitor currently owned by a thread:  ([mutex/lock_event])
[0x00007ffb9fd1ce68] Heap_lock - owner thread: 0x0000020f9be04840

Heap address: 0x0000000713a00000, size: 3782 MB, Compressed Oops mode: Zero based, Oop shift amount: 3

CDS archive(s) mapped at: [0x0000000000000000-0x0000000000000000-0x0000000000000000), size 0, SharedBaseAddress: 0x0000000800000000, ArchiveRelocationMode: 1.
Narrow klass base: 0x0000000000000000, Narrow klass shift: 0, Narrow klass range: 0x0

GC Precious Log:
 CardTable entry size: 512
 Card Set container configuration: InlinePtr #cards 4 size 8 Array Of Cards #cards 16 size 48 Howl #buckets 8 coarsen threshold 3686 Howl Bitmap #cards 512 size 80 coarsen threshold 460 Card regions per heap region 1 cards per card region 4096

Heap:
 garbage-first heap   total 0K, used 0K [0x0000000713a00000, 0x0000000800000000)
  region size 2048K, 0 young (0K), 0 survivors (0K)

[error occurred during error reporting (printing heap information), id 0xc0000005, EXCEPTION_ACCESS_VIOLATION (0xc0000005) at pc=0x00007ffb9f8039f9]
GC Heap History (0 events):
No events

Dll operation events (1 events):
Event: 0.010 Loaded shared library C:\Projects\Softwares\Java\jdk-21.0.2\bin\java.dll

Deoptimization events (0 events):
No events

Classes loaded (0 events):
No events

Classes unloaded (0 events):
No events

Classes redefined (0 events):
No events

Internal exceptions (0 events):
No events

ZGC Phase Switch (0 events):
No events

VM Operations (0 events):
No events

Events (0 events):
No events


Dynamic libraries:
0x00007ff65c150000 - 0x00007ff65c160000 	C:\Projects\Softwares\Java\jdk-21.0.2\bin\java.exe
0x00007ffc04e30000 - 0x00007ffc05028000 	C:\Windows\SYSTEM32\ntdll.dll
0x00007ffc042d0000 - 0x00007ffc04392000 	C:\Windows\System32\KERNEL32.DLL
0x00007ffc02990000 - 0x00007ffc02c8e000 	C:\Windows\System32\KERNELBASE.dll
0x0000000054a60000 - 0x0000000054afd000 	c:\ProgramData\Symantec\Symantec Endpoint Protection\14.3.9267.6000.105\Data\Sysfer\x64\sysfer.dll
0x00007ffc024d0000 - 0x00007ffc025d0000 	C:\Windows\System32\ucrtbase.dll
0x00007ffbebde0000 - 0x00007ffbebdfb000 	C:\Projects\Softwares\Java\jdk-21.0.2\bin\VCRUNTIME140.dll
0x00007ffbf0090000 - 0x00007ffbf00a9000 	C:\Projects\Softwares\Java\jdk-21.0.2\bin\jli.dll
0x00007ffc03080000 - 0x00007ffc03131000 	C:\Windows\System32\ADVAPI32.dll
0x00007ffc04230000 - 0x00007ffc042ce000 	C:\Windows\System32\msvcrt.dll
0x00007ffc035c0000 - 0x00007ffc0365f000 	C:\Windows\System32\sechost.dll
0x00007ffc043a0000 - 0x00007ffc044c3000 	C:\Windows\System32\RPCRT4.dll
0x00007ffc02730000 - 0x00007ffc02757000 	C:\Windows\System32\bcrypt.dll
0x00007ffc031c0000 - 0x00007ffc0335d000 	C:\Windows\System32\USER32.dll
0x00007ffc027b0000 - 0x00007ffc027d2000 	C:\Windows\System32\win32u.dll
0x00007ffc04200000 - 0x00007ffc0422b000 	C:\Windows\System32\GDI32.dll
0x00007ffc02870000 - 0x00007ffc02987000 	C:\Windows\System32\gdi32full.dll
0x00007ffc02db0000 - 0x00007ffc02e4d000 	C:\Windows\System32\msvcp_win.dll
0x00007ffbdb490000 - 0x00007ffbdb72a000 	C:\Windows\WinSxS\amd64_microsoft.windows.common-controls_6595b64144ccf1df_6.0.19041.4355_none_60b8b9eb71f62e16\COMCTL32.dll
0x00007ffbf7ef0000 - 0x00007ffbf7efa000 	C:\Windows\SYSTEM32\VERSION.dll
0x00007ffc031b0000 - 0x00007ffc031b8000 	C:\Windows\System32\psapi.dll
0x00007ffc04d10000 - 0x00007ffc04d3f000 	C:\Windows\System32\IMM32.DLL
0x00007ffbfae30000 - 0x00007ffbfae3c000 	C:\Projects\Softwares\Java\jdk-21.0.2\bin\vcruntime140_1.dll
0x00007ffbccd60000 - 0x00007ffbccdee000 	C:\Projects\Softwares\Java\jdk-21.0.2\bin\msvcp140.dll
0x00007ffb9f0e0000 - 0x00007ffb9fdf7000 	C:\Projects\Softwares\Java\jdk-21.0.2\bin\server\jvm.dll
0x00007ffc03710000 - 0x00007ffc0377b000 	C:\Windows\System32\WS2_32.dll
0x00007ffc01a10000 - 0x00007ffc01a5b000 	C:\Windows\SYSTEM32\POWRPROF.dll
0x00007ffbf7ec0000 - 0x00007ffbf7ee7000 	C:\Windows\SYSTEM32\WINMM.dll
0x00007ffc018d0000 - 0x00007ffc018e2000 	C:\Windows\SYSTEM32\UMPDC.dll
0x00007ffc00e60000 - 0x00007ffc00e72000 	C:\Windows\SYSTEM32\kernel.appcore.dll
0x00007ffbf79e0000 - 0x00007ffbf79ea000 	C:\Projects\Softwares\Java\jdk-21.0.2\bin\jimage.dll
0x00007ffc00780000 - 0x00007ffc00964000 	C:\Windows\SYSTEM32\DBGHELP.DLL
0x00007ffbf80b0000 - 0x00007ffbf80e4000 	C:\Windows\SYSTEM32\dbgcore.DLL
0x00007ffc027e0000 - 0x00007ffc02862000 	C:\Windows\System32\bcryptPrimitives.dll
0x00007ffbd8cf0000 - 0x00007ffbd8d0f000 	C:\Projects\Softwares\Java\jdk-21.0.2\bin\java.dll

dbghelp: loaded successfully - version: 4.0.5 - missing functions: none
symbol engine: initialized successfully - sym options: 0x614 - pdb path: .;C:\Projects\Softwares\Java\jdk-21.0.2\bin;C:\Windows\SYSTEM32;c:\ProgramData\Symantec\Symantec Endpoint Protection\14.3.9267.6000.105\Data\Sysfer\x64;C:\Windows\WinSxS\amd64_microsoft.windows.common-controls_6595b64144ccf1df_6.0.19041.4355_none_60b8b9eb71f62e16;C:\Projects\Softwares\Java\jdk-21.0.2\bin\server

VM Arguments:
jvm_args: -Dnet.bytebuddy.agent.attacher.dump= 
java_command: net.bytebuddy.agent.Attacher com.sun.tools.attach.VirtualMachine 17608 C:\Users\SERRAFA\.m2\repository\net\bytebuddy\byte-buddy-agent\1.14.19\byte-buddy-agent-1.14.19.jar false 
java_class_path (initial): C:\Users\SERRAFA\.m2\repository\net\bytebuddy\byte-buddy-agent\1.14.19\byte-buddy-agent-1.14.19.jar
Launcher Type: SUN_STANDARD

[Global flags]
     intx CICompilerCount                          = 4                                         {product} {ergonomic}
     uint ConcGCThreads                            = 3                                         {product} {ergonomic}
     uint G1ConcRefinementThreads                  = 10                                        {product} {ergonomic}
   size_t G1HeapRegionSize                         = 2097152                                   {product} {ergonomic}
    uintx GCDrainStackTargetSize                   = 64                                        {product} {ergonomic}
   size_t InitialHeapSize                          = 249561088                                 {product} {ergonomic}
   size_t MarkStackSize                            = 4194304                                   {product} {ergonomic}
   size_t MaxHeapSize                              = 3965714432                                {product} {ergonomic}
   size_t MinHeapDeltaBytes                        = 2097152                                   {product} {ergonomic}
   size_t MinHeapSize                              = 8388608                                   {product} {ergonomic}
    uintx NonNMethodCodeHeapSize                   = 5839372                                {pd product} {ergonomic}
    uintx NonProfiledCodeHeapSize                  = 122909434                              {pd product} {ergonomic}
    uintx ProfiledCodeHeapSize                     = 122909434                              {pd product} {ergonomic}
    uintx ReservedCodeCacheSize                    = 251658240                              {pd product} {ergonomic}
     bool SegmentedCodeCache                       = true                                      {product} {ergonomic}
   size_t SoftMaxHeapSize                          = 3965714432                             {manageable} {ergonomic}
     bool UseCompressedOops                        = true                           {product lp64_product} {ergonomic}
     bool UseG1GC                                  = true                                      {product} {ergonomic}
     bool UseLargePagesIndividualAllocation        = false                                  {pd product} {ergonomic}

Logging:
Log output configuration:
 #0: stdout all=warning uptime,level,tags foldmultilines=false
 #1: stderr all=off uptime,level,tags foldmultilines=false

Environment Variables:
JAVA_HOME=C:\Projects\Softwares\Java\jdk-21.0.2
PATH=C:\ProgramData\Oracle\Java\javapath;C:\Windows\system32;C:\Windows;C:\Windows\System32\Wbem;C:\Windows\System32\WindowsPowerShell\v1.0\;C:\Windows\System32\OpenSSH\;C:\tools;C:\appli\statpath\;C:\Program Files (x86)\Pulse Secure\VC142.CRT\X64\;C:\Program Files (x86)\Pulse Secure\VC142.CRT\X86\;C:\Program Files (x86)\Common Files\Pulse Secure\TNC Client Plugin\;C:\Program Files\dotnet\;C:\EpsProg\GSstreamer\bin;C:\Program Files\Git\cmd;C:\Users\SERRAFA\AppData\Local\Microsoft\WindowsApps;C:\Projects\Softwares\Java\jdk-21.0.2\bin;C:\PROJECT\HELIOS\apache-maven-3.3.1\bin;;C:\Program Files\JetBrains\IntelliJ IDEA 2024.2.3\bin;;C:\Program Files\JetBrains\IntelliJ IDEA Community Edition 2024.2.1\bin;
USERNAME=SERRAFA
OS=Windows_NT
PROCESSOR_IDENTIFIER=AMD64 Family 25 Model 68 Stepping 1, AuthenticAMD
TMP=C:\Users\SERRAFA\AppData\Local\Temp
TEMP=C:\Users\SERRAFA\AppData\Local\Temp




Periodic native trim disabled

---------------  S Y S T E M  ---------------

OS:
 Windows 10 , 64 bit Build 19041 (10.0.19041.5072)
OS uptime: 7 days 16:49 hours

CPU: total 12 (initial active 12) (12 cores per cpu, 2 threads per core) family 25 model 68 stepping 1 microcode 0x0, cx8, cmov, fxsr, ht, mmx, 3dnowpref, sse, sse2, sse3, ssse3, sse4a, sse4.1, sse4.2, popcnt, lzcnt, tsc, tscinvbit, avx, avx2, aes, erms, clmul, bmi1, bmi2, adx, sha, fma, vzeroupper, clflush, clflushopt, rdtscp, rdpid, fsrm, f16c, pku, cet_ss
Processor Information for processor 0
  Max Mhz: 2901, Current Mhz: 2320, Mhz Limit: 2901
Processor Information for processor 1
  Max Mhz: 2901, Current Mhz: 2901, Mhz Limit: 2901
Processor Information for processor 2
  Max Mhz: 2901, Current Mhz: 2320, Mhz Limit: 2901
Processor Information for processor 3
  Max Mhz: 2901, Current Mhz: 2901, Mhz Limit: 2901
Processor Information for processor 4
  Max Mhz: 2901, Current Mhz: 2901, Mhz Limit: 2901
Processor Information for processor 5
  Max Mhz: 2901, Current Mhz: 2901, Mhz Limit: 2901
Processor Information for processor 6
  Max Mhz: 2901, Current Mhz: 2320, Mhz Limit: 2901
Processor Information for processor 7
  Max Mhz: 2901, Current Mhz: 2901, Mhz Limit: 2901
Processor Information for processor 8
  Max Mhz: 2901, Current Mhz: 2901, Mhz Limit: 2901
Processor Information for processor 9
  Max Mhz: 2901, Current Mhz: 2320, Mhz Limit: 2901
Processor Information for processor 10
  Max Mhz: 2901, Current Mhz: 2320, Mhz Limit: 2901
Processor Information for processor 11
  Max Mhz: 2901, Current Mhz: 2901, Mhz Limit: 2901

Memory: 4k page, system-wide physical 15124M (1875M free)
TotalPageFile size 27370M (AvailPageFile size 110M)
current process WorkingSet (physical memory assigned to process): 12M, peak: 12M
current process commit charge ("private bytes"): 64M, peak: 302M

vm_info: Java HotSpot(TM) 64-Bit Server VM (21.0.2+13-LTS-58) for windows-amd64 JRE (21.0.2+13-LTS-58), built on 2024-01-05T18:32:24Z by "mach5one" with MS VC++ 17.1 (VS2022)

END.
